<?xml version="1.0" encoding="UTF-8"?>
<testng-results skipped="0" failed="1" ignored="0" total="2" passed="1">
  <reporter-output>
  </reporter-output>
  <suite name="Default suite" duration-ms="31792" started-at="2018-10-01T09:23:37Z" finished-at="2018-10-01T09:24:09Z">
    <groups>
    </groups>
    <test name="Default test" duration-ms="31792" started-at="2018-10-01T09:23:37Z" finished-at="2018-10-01T09:24:09Z">
      <class name="com.icam.qa.testcases.StudentPromotionTest">
        <test-method status="PASS" signature="setUp()[pri:0, instance:com.icam.qa.testcases.StudentPromotionTest@42e99e4a]" name="setUp" is-config="true" duration-ms="24787" started-at="2018-10-01T09:23:37Z" finished-at="2018-10-01T09:24:02Z">
          <reporter-output>
          </reporter-output>
        </test-method> <!-- setUp -->
        <test-method status="PASS" signature="studentPromotionTest()[pri:1, instance:com.icam.qa.testcases.StudentPromotionTest@42e99e4a]" name="studentPromotionTest" duration-ms="6863" started-at="2018-10-01T09:24:02Z" finished-at="2018-10-01T09:24:09Z">
          <reporter-output>
          </reporter-output>
        </test-method> <!-- studentPromotionTest -->
        <test-method status="FAIL" signature="validatePageTitle()[pri:2, instance:com.icam.qa.testcases.StudentPromotionTest@42e99e4a]" name="validatePageTitle" duration-ms="22" started-at="2018-10-01T09:24:09Z" finished-at="2018-10-01T09:24:09Z">
          <exception class="java.lang.AssertionError">
            <message>
              <![CDATA[expected [Student  Promotion] but found [Student Promotion]]]>
            </message>
            <full-stacktrace>
              <![CDATA[java.lang.AssertionError: expected [Student  Promotion] but found [Student Promotion]
at org.testng.Assert.fail(Assert.java:96)
at org.testng.Assert.failNotEquals(Assert.java:776)
at org.testng.Assert.assertEqualsImpl(Assert.java:137)
at org.testng.Assert.assertEquals(Assert.java:118)
at org.testng.Assert.assertEquals(Assert.java:453)
at org.testng.Assert.assertEquals(Assert.java:463)
at com.icam.qa.testcases.StudentPromotionTest.validatePageTitle(StudentPromotionTest.java:42)
at sun.reflect.NativeMethodAccessorImpl.invoke0(Native Method)
at sun.reflect.NativeMethodAccessorImpl.invoke(NativeMethodAccessorImpl.java:62)
at sun.reflect.DelegatingMethodAccessorImpl.invoke(DelegatingMethodAccessorImpl.java:43)
at java.lang.reflect.Method.invoke(Method.java:498)
at org.testng.internal.MethodInvocationHelper.invokeMethod(MethodInvocationHelper.java:124)
at org.testng.internal.Invoker.invokeMethod(Invoker.java:583)
at org.testng.internal.Invoker.invokeTestMethod(Invoker.java:719)
at org.testng.internal.Invoker.invokeTestMethods(Invoker.java:989)
at org.testng.internal.TestMethodWorker.invokeTestMethods(TestMethodWorker.java:125)
at org.testng.internal.TestMethodWorker.run(TestMethodWorker.java:109)
at org.testng.TestRunner.privateRun(TestRunner.java:648)
at org.testng.TestRunner.run(TestRunner.java:505)
at org.testng.SuiteRunner.runTest(SuiteRunner.java:455)
at org.testng.SuiteRunner.runSequentially(SuiteRunner.java:450)
at org.testng.SuiteRunner.privateRun(SuiteRunner.java:415)
at org.testng.SuiteRunner.run(SuiteRunner.java:364)
at org.testng.SuiteRunnerWorker.runSuite(SuiteRunnerWorker.java:52)
at org.testng.SuiteRunnerWorker.run(SuiteRunnerWorker.java:84)
at org.testng.TestNG.runSuitesSequentially(TestNG.java:1208)
at org.testng.TestNG.runSuitesLocally(TestNG.java:1137)
at org.testng.TestNG.runSuites(TestNG.java:1049)
at org.testng.TestNG.run(TestNG.java:1017)
at org.testng.remote.AbstractRemoteTestNG.run(AbstractRemoteTestNG.java:114)
at org.testng.remote.RemoteTestNG.initAndRun(RemoteTestNG.java:251)
at org.testng.remote.RemoteTestNG.main(RemoteTestNG.java:77)
]]>
            </full-stacktrace>
          </exception> <!-- java.lang.AssertionError -->
          <reporter-output>
          </reporter-output>
        </test-method> <!-- validatePageTitle -->
        <test-method status="PASS" signature="tearDown()[pri:0, instance:com.icam.qa.testcases.StudentPromotionTest@42e99e4a]" name="tearDown" is-config="true" duration-ms="0" started-at="2018-10-01T09:24:09Z" finished-at="2018-10-01T09:24:09Z">
          <reporter-output>
          </reporter-output>
        </test-method> <!-- tearDown -->
      </class> <!-- com.icam.qa.testcases.StudentPromotionTest -->
    </test> <!-- Default test -->
  </suite> <!-- Default suite -->
</testng-results>
